RXSDK/RXSDK-Android/rxsdk_base_ui/build/intermediates/manifest_merge_blame_file/release/manifest-merger-blame-release-report.txt
1<?xml version="1.0" encoding="utf-8"?>
2<manifest xmlns:android="http://schemas.android.com/apk/res/android"
3    xmlns:tools="http://schemas.android.com/tools"
4    package="com.ruixue.ui" >
5
6    <uses-sdk android:minSdkVersion="21" />
6-->src/main/AndroidManifest.xml
7
8    <uses-permission android:name="android.permission.INTERNET" />
8-->src/main/AndroidManifest.xml:6:5-67
8-->src/main/AndroidManifest.xml:6:22-64
9    <uses-permission android:name="android.permission.ACCESS_WIFI_STATE" />
9-->src/main/AndroidManifest.xml:7:5-76
9-->src/main/AndroidManifest.xml:7:22-73
10    <uses-permission android:name="android.permission.ACCESS_NETWORK_STATE" />
10-->src/main/AndroidManifest.xml:8:5-79
10-->src/main/AndroidManifest.xml:8:22-76
11
12    <application>
12-->src/main/AndroidManifest.xml:10:5-18:19
13        <activity
13-->src/main/AndroidManifest.xml:11:9-17:72
14            android:name="com.ruixue.realauth.IdCardKeyboardActivity"
14-->src/main/AndroidManifest.xml:12:13-70
15            android:excludeFromRecents="true"
15-->src/main/AndroidManifest.xml:13:13-46
16            android:exported="false"
16-->src/main/AndroidManifest.xml:14:13-37
17            android:launchMode="singleTop"
17-->src/main/AndroidManifest.xml:15:13-43
18            android:taskAffinity=""
18-->src/main/AndroidManifest.xml:16:13-36
19            android:theme="@style/RuiXueIdCardKeyboardActivityTheme" />
19-->src/main/AndroidManifest.xml:17:13-69
20    </application>
21
22</manifest>